{
  "stats": {
    "suites": 22,
    "tests": 63,
    "passes": 63,
    "pending": 0,
    "failures": 0,
    "start": "2025-10-29T18:44:03.029Z",
    "end": "2025-10-29T18:44:03.095Z",
    "duration": 66,
    "testsRegistered": 63,
    "passPercent": 100,
    "pendingPercent": 0,
    "other": 0,
    "hasOther": false,
    "skipped": 0,
    "hasSkipped": false
  },
  "results": [
    {
      "uuid": "b4f74077-8fce-4e27-8cde-838632d5b714",
      "title": "",
      "fullFile": "",
      "file": "",
      "beforeHooks": [],
      "afterHooks": [],
      "tests": [],
      "suites": [
        {
          "uuid": "546c4e01-e757-45d7-87b4-547b0a31716b",
          "title": "mathUtils",
          "fullFile": "C:\\Диск Д\\ЕГУ - Информатика\\4 курс\\Autotests\\task_01\\test\\mathUtils.test.js",
          "file": "\\test\\mathUtils.test.js",
          "beforeHooks": [],
          "afterHooks": [],
          "tests": [],
          "suites": [
            {
              "uuid": "a7a0def4-76d9-4891-a51f-07d068d4e6ce",
              "title": "add",
              "fullFile": "C:\\Диск Д\\ЕГУ - Информатика\\4 курс\\Autotests\\task_01\\test\\mathUtils.test.js",
              "file": "\\test\\mathUtils.test.js",
              "beforeHooks": [],
              "afterHooks": [],
              "tests": [
                {
                  "title": "should return correct sum of two positive numbers",
                  "fullTitle": "mathUtils add should return correct sum of two positive numbers",
                  "timedOut": false,
                  "duration": 2,
                  "state": "passed",
                  "speed": "fast",
                  "pass": true,
                  "fail": false,
                  "pending": false,
                  "context": null,
                  "code": "expect(add(2, 3)).to.equal(5);",
                  "err": {},
                  "uuid": "2e82c29e-b016-4dc4-8a9c-617028ab4f4c",
                  "parentUUID": "a7a0def4-76d9-4891-a51f-07d068d4e6ce",
                  "isHook": false,
                  "skipped": false
                },
                {
                  "title": "should return correct sum with negative numbers",
                  "fullTitle": "mathUtils add should return correct sum with negative numbers",
                  "timedOut": false,
                  "duration": 0,
                  "state": "passed",
                  "speed": "fast",
                  "pass": true,
                  "fail": false,
                  "pending": false,
                  "context": null,
                  "code": "expect(add(-2, 3)).to.equal(1);\nexpect(add(-2, -3)).to.equal(-5);",
                  "err": {},
                  "uuid": "88114e21-4e5f-4152-b3a8-6cb936700d59",
                  "parentUUID": "a7a0def4-76d9-4891-a51f-07d068d4e6ce",
                  "isHook": false,
                  "skipped": false
                },
                {
                  "title": "should return 0 when both arguments are 0",
                  "fullTitle": "mathUtils add should return 0 when both arguments are 0",
                  "timedOut": false,
                  "duration": 0,
                  "state": "passed",
                  "speed": "fast",
                  "pass": true,
                  "fail": false,
                  "pending": false,
                  "context": null,
                  "code": "expect(add(0, 0)).to.equal(0);",
                  "err": {},
                  "uuid": "d1570a9c-04ab-4c67-863f-f1599920a2ee",
                  "parentUUID": "a7a0def4-76d9-4891-a51f-07d068d4e6ce",
                  "isHook": false,
                  "skipped": false
                }
              ],
              "suites": [],
              "passes": [
                "2e82c29e-b016-4dc4-8a9c-617028ab4f4c",
                "88114e21-4e5f-4152-b3a8-6cb936700d59",
                "d1570a9c-04ab-4c67-863f-f1599920a2ee"
              ],
              "failures": [],
              "pending": [],
              "skipped": [],
              "duration": 2,
              "root": false,
              "rootEmpty": false,
              "_timeout": 2000
            },
            {
              "uuid": "fef73c74-1c75-4217-8245-3af72b6d8985",
              "title": "subtract",
              "fullFile": "C:\\Диск Д\\ЕГУ - Информатика\\4 курс\\Autotests\\task_01\\test\\mathUtils.test.js",
              "file": "\\test\\mathUtils.test.js",
              "beforeHooks": [],
              "afterHooks": [],
              "tests": [
                {
                  "title": "should return correct difference of two positive numbers",
                  "fullTitle": "mathUtils subtract should return correct difference of two positive numbers",
                  "timedOut": false,
                  "duration": 0,
                  "state": "passed",
                  "speed": "fast",
                  "pass": true,
                  "fail": false,
                  "pending": false,
                  "context": null,
                  "code": "expect(subtract(5, 3)).to.equal(2);",
                  "err": {},
                  "uuid": "a1b1d5ac-afd2-469b-b420-afe884b3c68b",
                  "parentUUID": "fef73c74-1c75-4217-8245-3af72b6d8985",
                  "isHook": false,
                  "skipped": false
                },
                {
                  "title": "should return correct difference with negative numbers",
                  "fullTitle": "mathUtils subtract should return correct difference with negative numbers",
                  "timedOut": false,
                  "duration": 0,
                  "state": "passed",
                  "speed": "fast",
                  "pass": true,
                  "fail": false,
                  "pending": false,
                  "context": null,
                  "code": "expect(subtract(-5, 3)).to.equal(-8);\nexpect(subtract(-5, -3)).to.equal(-2);",
                  "err": {},
                  "uuid": "0b102fba-f6f1-4dc4-96fa-43b2f961fd86",
                  "parentUUID": "fef73c74-1c75-4217-8245-3af72b6d8985",
                  "isHook": false,
                  "skipped": false
                },
                {
                  "title": "should return 0 when both arguments are equal",
                  "fullTitle": "mathUtils subtract should return 0 when both arguments are equal",
                  "timedOut": false,
                  "duration": 0,
                  "state": "passed",
                  "speed": "fast",
                  "pass": true,
                  "fail": false,
                  "pending": false,
                  "context": null,
                  "code": "expect(subtract(4, 4)).to.equal(0);",
                  "err": {},
                  "uuid": "eeeca46b-a76e-4115-b16f-dfe17e10f2cc",
                  "parentUUID": "fef73c74-1c75-4217-8245-3af72b6d8985",
                  "isHook": false,
                  "skipped": false
                }
              ],
              "suites": [],
              "passes": [
                "a1b1d5ac-afd2-469b-b420-afe884b3c68b",
                "0b102fba-f6f1-4dc4-96fa-43b2f961fd86",
                "eeeca46b-a76e-4115-b16f-dfe17e10f2cc"
              ],
              "failures": [],
              "pending": [],
              "skipped": [],
              "duration": 0,
              "root": false,
              "rootEmpty": false,
              "_timeout": 2000
            },
            {
              "uuid": "db71e4f2-e1cc-4f90-89cd-b3ce3ab3d2f4",
              "title": "multiply",
              "fullFile": "C:\\Диск Д\\ЕГУ - Информатика\\4 курс\\Autotests\\task_01\\test\\mathUtils.test.js",
              "file": "\\test\\mathUtils.test.js",
              "beforeHooks": [],
              "afterHooks": [],
              "tests": [
                {
                  "title": "should return correct product of two positive numbers",
                  "fullTitle": "mathUtils multiply should return correct product of two positive numbers",
                  "timedOut": false,
                  "duration": 0,
                  "state": "passed",
                  "speed": "fast",
                  "pass": true,
                  "fail": false,
                  "pending": false,
                  "context": null,
                  "code": "expect(multiply(2, 3)).to.equal(6);",
                  "err": {},
                  "uuid": "eb7ac86b-132f-4e21-b442-6f4987f1fe42",
                  "parentUUID": "db71e4f2-e1cc-4f90-89cd-b3ce3ab3d2f4",
                  "isHook": false,
                  "skipped": false
                },
                {
                  "title": "should return correct product with negative numbers",
                  "fullTitle": "mathUtils multiply should return correct product with negative numbers",
                  "timedOut": false,
                  "duration": 0,
                  "state": "passed",
                  "speed": "fast",
                  "pass": true,
                  "fail": false,
                  "pending": false,
                  "context": null,
                  "code": "expect(multiply(-2, 3)).to.equal(-6);\nexpect(multiply(-2, -3)).to.equal(6);",
                  "err": {},
                  "uuid": "51fe5017-0116-40b6-acf5-bd42b9fdc6be",
                  "parentUUID": "db71e4f2-e1cc-4f90-89cd-b3ce3ab3d2f4",
                  "isHook": false,
                  "skipped": false
                },
                {
                  "title": "should return 0 if one of the arguments is 0",
                  "fullTitle": "mathUtils multiply should return 0 if one of the arguments is 0",
                  "timedOut": false,
                  "duration": 0,
                  "state": "passed",
                  "speed": "fast",
                  "pass": true,
                  "fail": false,
                  "pending": false,
                  "context": null,
                  "code": "expect(multiply(0, 5)).to.equal(0);\nexpect(multiply(5, 0)).to.equal(0);",
                  "err": {},
                  "uuid": "0aec76af-ec44-4c4a-a9d4-784d2e63b04e",
                  "parentUUID": "db71e4f2-e1cc-4f90-89cd-b3ce3ab3d2f4",
                  "isHook": false,
                  "skipped": false
                }
              ],
              "suites": [],
              "passes": [
                "eb7ac86b-132f-4e21-b442-6f4987f1fe42",
                "51fe5017-0116-40b6-acf5-bd42b9fdc6be",
                "0aec76af-ec44-4c4a-a9d4-784d2e63b04e"
              ],
              "failures": [],
              "pending": [],
              "skipped": [],
              "duration": 0,
              "root": false,
              "rootEmpty": false,
              "_timeout": 2000
            },
            {
              "uuid": "c1a3bac7-1830-4273-8287-eda2c762c25a",
              "title": "divide",
              "fullFile": "C:\\Диск Д\\ЕГУ - Информатика\\4 курс\\Autotests\\task_01\\test\\mathUtils.test.js",
              "file": "\\test\\mathUtils.test.js",
              "beforeHooks": [],
              "afterHooks": [],
              "tests": [
                {
                  "title": "should return correct division of two positive numbers",
                  "fullTitle": "mathUtils divide should return correct division of two positive numbers",
                  "timedOut": false,
                  "duration": 0,
                  "state": "passed",
                  "speed": "fast",
                  "pass": true,
                  "fail": false,
                  "pending": false,
                  "context": null,
                  "code": "expect(divide(6, 3)).to.equal(2);",
                  "err": {},
                  "uuid": "c0f31145-fd3a-4142-bcd0-2861e5e29ba5",
                  "parentUUID": "c1a3bac7-1830-4273-8287-eda2c762c25a",
                  "isHook": false,
                  "skipped": false
                },
                {
                  "title": "should return correct division with negative numbers",
                  "fullTitle": "mathUtils divide should return correct division with negative numbers",
                  "timedOut": false,
                  "duration": 0,
                  "state": "passed",
                  "speed": "fast",
                  "pass": true,
                  "fail": false,
                  "pending": false,
                  "context": null,
                  "code": "expect(divide(-6, 3)).to.equal(-2);\nexpect(divide(-6, -3)).to.equal(2);",
                  "err": {},
                  "uuid": "9a877561-d55a-41f1-b398-01f8e1382a92",
                  "parentUUID": "c1a3bac7-1830-4273-8287-eda2c762c25a",
                  "isHook": false,
                  "skipped": false
                },
                {
                  "title": "should return 0 when numerator is 0",
                  "fullTitle": "mathUtils divide should return 0 when numerator is 0",
                  "timedOut": false,
                  "duration": 0,
                  "state": "passed",
                  "speed": "fast",
                  "pass": true,
                  "fail": false,
                  "pending": false,
                  "context": null,
                  "code": "expect(divide(0, 5)).to.equal(0);",
                  "err": {},
                  "uuid": "4c62425c-f480-44f8-adc9-4191c2d54286",
                  "parentUUID": "c1a3bac7-1830-4273-8287-eda2c762c25a",
                  "isHook": false,
                  "skipped": false
                },
                {
                  "title": "should throw an error when dividing by zero",
                  "fullTitle": "mathUtils divide should throw an error when dividing by zero",
                  "timedOut": false,
                  "duration": 1,
                  "state": "passed",
                  "speed": "fast",
                  "pass": true,
                  "fail": false,
                  "pending": false,
                  "context": null,
                  "code": "expect(() => divide(5, 0)).to.throw(\"Cannot divide by zero\");",
                  "err": {},
                  "uuid": "d08ad743-326d-4815-a92e-134c5c2c7275",
                  "parentUUID": "c1a3bac7-1830-4273-8287-eda2c762c25a",
                  "isHook": false,
                  "skipped": false
                }
              ],
              "suites": [],
              "passes": [
                "c0f31145-fd3a-4142-bcd0-2861e5e29ba5",
                "9a877561-d55a-41f1-b398-01f8e1382a92",
                "4c62425c-f480-44f8-adc9-4191c2d54286",
                "d08ad743-326d-4815-a92e-134c5c2c7275"
              ],
              "failures": [],
              "pending": [],
              "skipped": [],
              "duration": 1,
              "root": false,
              "rootEmpty": false,
              "_timeout": 2000
            }
          ],
          "passes": [],
          "failures": [],
          "pending": [],
          "skipped": [],
          "duration": 0,
          "root": false,
          "rootEmpty": false,
          "_timeout": 2000
        },
        {
          "uuid": "81af5c03-4bcf-4d63-ad7a-46078da8e93b",
          "title": "stringUtils",
          "fullFile": "C:\\Диск Д\\ЕГУ - Информатика\\4 курс\\Autotests\\task_01\\test\\stringUtils.test.js",
          "file": "\\test\\stringUtils.test.js",
          "beforeHooks": [],
          "afterHooks": [],
          "tests": [],
          "suites": [
            {
              "uuid": "4aea28a1-4fad-4cb4-9a14-74eac10165c8",
              "title": "capitalize",
              "fullFile": "C:\\Диск Д\\ЕГУ - Информатика\\4 курс\\Autotests\\task_01\\test\\stringUtils.test.js",
              "file": "\\test\\stringUtils.test.js",
              "beforeHooks": [],
              "afterHooks": [],
              "tests": [
                {
                  "title": "should capitalize the first letter of a lowercase word",
                  "fullTitle": "stringUtils capitalize should capitalize the first letter of a lowercase word",
                  "timedOut": false,
                  "duration": 0,
                  "state": "passed",
                  "speed": "fast",
                  "pass": true,
                  "fail": false,
                  "pending": false,
                  "context": null,
                  "code": "expect(capitalize(\"hello\")).to.equal(\"Hello\");",
                  "err": {},
                  "uuid": "dca98253-eb64-4491-bb43-ee068c14e75c",
                  "parentUUID": "4aea28a1-4fad-4cb4-9a14-74eac10165c8",
                  "isHook": false,
                  "skipped": false
                },
                {
                  "title": "should keep the first letter uppercase if it already is",
                  "fullTitle": "stringUtils capitalize should keep the first letter uppercase if it already is",
                  "timedOut": false,
                  "duration": 0,
                  "state": "passed",
                  "speed": "fast",
                  "pass": true,
                  "fail": false,
                  "pending": false,
                  "context": null,
                  "code": "expect(capitalize(\"Hello\")).to.equal(\"Hello\");",
                  "err": {},
                  "uuid": "21008a7b-d530-44e1-b896-e9a100d997b5",
                  "parentUUID": "4aea28a1-4fad-4cb4-9a14-74eac10165c8",
                  "isHook": false,
                  "skipped": false
                },
                {
                  "title": "should work with a single-character string",
                  "fullTitle": "stringUtils capitalize should work with a single-character string",
                  "timedOut": false,
                  "duration": 0,
                  "state": "passed",
                  "speed": "fast",
                  "pass": true,
                  "fail": false,
                  "pending": false,
                  "context": null,
                  "code": "expect(capitalize(\"a\")).to.equal(\"A\");",
                  "err": {},
                  "uuid": "bdafa287-bfff-4b42-9b54-9f0d3dc6a75c",
                  "parentUUID": "4aea28a1-4fad-4cb4-9a14-74eac10165c8",
                  "isHook": false,
                  "skipped": false
                },
                {
                  "title": "should return empty string if input is empty",
                  "fullTitle": "stringUtils capitalize should return empty string if input is empty",
                  "timedOut": false,
                  "duration": 0,
                  "state": "passed",
                  "speed": "fast",
                  "pass": true,
                  "fail": false,
                  "pending": false,
                  "context": null,
                  "code": "expect(capitalize(\"\")).to.equal(\"\");",
                  "err": {},
                  "uuid": "8f4475dc-7e8c-4fe0-ad14-845a19b51d26",
                  "parentUUID": "4aea28a1-4fad-4cb4-9a14-74eac10165c8",
                  "isHook": false,
                  "skipped": false
                },
                {
                  "title": "should throw an error if input is not a string",
                  "fullTitle": "stringUtils capitalize should throw an error if input is not a string",
                  "timedOut": false,
                  "duration": 1,
                  "state": "passed",
                  "speed": "fast",
                  "pass": true,
                  "fail": false,
                  "pending": false,
                  "context": null,
                  "code": "expect(() => capitalize(123)).to.throw(\"Input must be a string\");\nexpect(() => capitalize(null)).to.throw(\"Input must be a string\");\nexpect(() => capitalize(undefined)).to.throw(\"Input must be a string\");\nexpect(() => capitalize({})).to.throw(\"Input must be a string\");\nexpect(() => capitalize([])).to.throw(\"Input must be a string\");",
                  "err": {},
                  "uuid": "0d790000-0174-4b7b-b381-ffcc84dd7648",
                  "parentUUID": "4aea28a1-4fad-4cb4-9a14-74eac10165c8",
                  "isHook": false,
                  "skipped": false
                }
              ],
              "suites": [],
              "passes": [
                "dca98253-eb64-4491-bb43-ee068c14e75c",
                "21008a7b-d530-44e1-b896-e9a100d997b5",
                "bdafa287-bfff-4b42-9b54-9f0d3dc6a75c",
                "8f4475dc-7e8c-4fe0-ad14-845a19b51d26",
                "0d790000-0174-4b7b-b381-ffcc84dd7648"
              ],
              "failures": [],
              "pending": [],
              "skipped": [],
              "duration": 1,
              "root": false,
              "rootEmpty": false,
              "_timeout": 2000
            },
            {
              "uuid": "fa53cd9b-c49f-4847-9f4d-e0b328391e41",
              "title": "reverseString",
              "fullFile": "C:\\Диск Д\\ЕГУ - Информатика\\4 курс\\Autotests\\task_01\\test\\stringUtils.test.js",
              "file": "\\test\\stringUtils.test.js",
              "beforeHooks": [],
              "afterHooks": [],
              "tests": [
                {
                  "title": "should reverse a normal string",
                  "fullTitle": "stringUtils reverseString should reverse a normal string",
                  "timedOut": false,
                  "duration": 1,
                  "state": "passed",
                  "speed": "fast",
                  "pass": true,
                  "fail": false,
                  "pending": false,
                  "context": null,
                  "code": "expect(reverseString(\"hello\")).to.equal(\"olleh\");",
                  "err": {},
                  "uuid": "cd06bbef-a76b-440d-a5ce-5c9632e6280e",
                  "parentUUID": "fa53cd9b-c49f-4847-9f4d-e0b328391e41",
                  "isHook": false,
                  "skipped": false
                },
                {
                  "title": "should return the same string if it’s a palindrome",
                  "fullTitle": "stringUtils reverseString should return the same string if it’s a palindrome",
                  "timedOut": false,
                  "duration": 0,
                  "state": "passed",
                  "speed": "fast",
                  "pass": true,
                  "fail": false,
                  "pending": false,
                  "context": null,
                  "code": "expect(reverseString(\"madam\")).to.equal(\"madam\");",
                  "err": {},
                  "uuid": "6daf7afc-319b-4f84-b0b9-8d35269bd115",
                  "parentUUID": "fa53cd9b-c49f-4847-9f4d-e0b328391e41",
                  "isHook": false,
                  "skipped": false
                },
                {
                  "title": "should return an empty string if input is empty",
                  "fullTitle": "stringUtils reverseString should return an empty string if input is empty",
                  "timedOut": false,
                  "duration": 1,
                  "state": "passed",
                  "speed": "fast",
                  "pass": true,
                  "fail": false,
                  "pending": false,
                  "context": null,
                  "code": "expect(reverseString(\"\")).to.equal(\"\");",
                  "err": {},
                  "uuid": "04e6c670-4cf7-419b-b407-b19f1462fd4d",
                  "parentUUID": "fa53cd9b-c49f-4847-9f4d-e0b328391e41",
                  "isHook": false,
                  "skipped": false
                },
                {
                  "title": "should work with a single character",
                  "fullTitle": "stringUtils reverseString should work with a single character",
                  "timedOut": false,
                  "duration": 0,
                  "state": "passed",
                  "speed": "fast",
                  "pass": true,
                  "fail": false,
                  "pending": false,
                  "context": null,
                  "code": "expect(reverseString(\"A\")).to.equal(\"A\");",
                  "err": {},
                  "uuid": "248ef352-adfd-45e4-8d3a-767b8abb461a",
                  "parentUUID": "fa53cd9b-c49f-4847-9f4d-e0b328391e41",
                  "isHook": false,
                  "skipped": false
                },
                {
                  "title": "should throw an error if input is not a string",
                  "fullTitle": "stringUtils reverseString should throw an error if input is not a string",
                  "timedOut": false,
                  "duration": 0,
                  "state": "passed",
                  "speed": "fast",
                  "pass": true,
                  "fail": false,
                  "pending": false,
                  "context": null,
                  "code": "expect(() => reverseString(123)).to.throw(\"Input must be a string\");\nexpect(() => reverseString(null)).to.throw(\"Input must be a string\");\nexpect(() => reverseString(undefined)).to.throw(\"Input must be a string\");\nexpect(() => reverseString({})).to.throw(\"Input must be a string\");",
                  "err": {},
                  "uuid": "fcdbad83-b174-4c5d-b878-b3bc0358d7b9",
                  "parentUUID": "fa53cd9b-c49f-4847-9f4d-e0b328391e41",
                  "isHook": false,
                  "skipped": false
                }
              ],
              "suites": [],
              "passes": [
                "cd06bbef-a76b-440d-a5ce-5c9632e6280e",
                "6daf7afc-319b-4f84-b0b9-8d35269bd115",
                "04e6c670-4cf7-419b-b407-b19f1462fd4d",
                "248ef352-adfd-45e4-8d3a-767b8abb461a",
                "fcdbad83-b174-4c5d-b878-b3bc0358d7b9"
              ],
              "failures": [],
              "pending": [],
              "skipped": [],
              "duration": 2,
              "root": false,
              "rootEmpty": false,
              "_timeout": 2000
            },
            {
              "uuid": "349523ff-a3aa-420a-8521-bb4b53fc83bf",
              "title": "isPalindrome",
              "fullFile": "C:\\Диск Д\\ЕГУ - Информатика\\4 курс\\Autotests\\task_01\\test\\stringUtils.test.js",
              "file": "\\test\\stringUtils.test.js",
              "beforeHooks": [],
              "afterHooks": [],
              "tests": [
                {
                  "title": "should return true for a palindrome word",
                  "fullTitle": "stringUtils isPalindrome should return true for a palindrome word",
                  "timedOut": false,
                  "duration": 0,
                  "state": "passed",
                  "speed": "fast",
                  "pass": true,
                  "fail": false,
                  "pending": false,
                  "context": null,
                  "code": "expect(isPalindrome(\"madam\")).to.be.true;",
                  "err": {},
                  "uuid": "9f1c3105-aa18-49f3-9f67-58b5cc160f03",
                  "parentUUID": "349523ff-a3aa-420a-8521-bb4b53fc83bf",
                  "isHook": false,
                  "skipped": false
                },
                {
                  "title": "should return false for a non-palindrome word",
                  "fullTitle": "stringUtils isPalindrome should return false for a non-palindrome word",
                  "timedOut": false,
                  "duration": 0,
                  "state": "passed",
                  "speed": "fast",
                  "pass": true,
                  "fail": false,
                  "pending": false,
                  "context": null,
                  "code": "expect(isPalindrome(\"hello\")).to.be.false;",
                  "err": {},
                  "uuid": "a8f44bef-abc2-4f5a-8185-68027ea497bb",
                  "parentUUID": "349523ff-a3aa-420a-8521-bb4b53fc83bf",
                  "isHook": false,
                  "skipped": false
                },
                {
                  "title": "should return true for an empty string (edge case)",
                  "fullTitle": "stringUtils isPalindrome should return true for an empty string (edge case)",
                  "timedOut": false,
                  "duration": 0,
                  "state": "passed",
                  "speed": "fast",
                  "pass": true,
                  "fail": false,
                  "pending": false,
                  "context": null,
                  "code": "expect(isPalindrome(\"\")).to.be.true;",
                  "err": {},
                  "uuid": "1fe0c0cd-6d1e-4e85-a5f9-288c483fb547",
                  "parentUUID": "349523ff-a3aa-420a-8521-bb4b53fc83bf",
                  "isHook": false,
                  "skipped": false
                },
                {
                  "title": "should return true for a single character",
                  "fullTitle": "stringUtils isPalindrome should return true for a single character",
                  "timedOut": false,
                  "duration": 0,
                  "state": "passed",
                  "speed": "fast",
                  "pass": true,
                  "fail": false,
                  "pending": false,
                  "context": null,
                  "code": "expect(isPalindrome(\"a\")).to.be.true;",
                  "err": {},
                  "uuid": "51fbe8ca-e06c-4e5a-93d7-f5b8ed517253",
                  "parentUUID": "349523ff-a3aa-420a-8521-bb4b53fc83bf",
                  "isHook": false,
                  "skipped": false
                },
                {
                  "title": "should be case-sensitive (different cases mean not palindrome)",
                  "fullTitle": "stringUtils isPalindrome should be case-sensitive (different cases mean not palindrome)",
                  "timedOut": false,
                  "duration": 0,
                  "state": "passed",
                  "speed": "fast",
                  "pass": true,
                  "fail": false,
                  "pending": false,
                  "context": null,
                  "code": "expect(isPalindrome(\"Madam\")).to.be.false;",
                  "err": {},
                  "uuid": "f46b0e46-00b4-4ff6-968c-fd75c10b0af5",
                  "parentUUID": "349523ff-a3aa-420a-8521-bb4b53fc83bf",
                  "isHook": false,
                  "skipped": false
                },
                {
                  "title": "should throw an error if input is not a string",
                  "fullTitle": "stringUtils isPalindrome should throw an error if input is not a string",
                  "timedOut": false,
                  "duration": 1,
                  "state": "passed",
                  "speed": "fast",
                  "pass": true,
                  "fail": false,
                  "pending": false,
                  "context": null,
                  "code": "expect(() => isPalindrome(123)).to.throw(\"Input must be a string\");\nexpect(() => isPalindrome(null)).to.throw(\"Input must be a string\");\nexpect(() => isPalindrome(undefined)).to.throw(\"Input must be a string\");\nexpect(() => isPalindrome({})).to.throw(\"Input must be a string\");",
                  "err": {},
                  "uuid": "efc26029-c7f6-4164-ba2f-ffba49b54139",
                  "parentUUID": "349523ff-a3aa-420a-8521-bb4b53fc83bf",
                  "isHook": false,
                  "skipped": false
                }
              ],
              "suites": [],
              "passes": [
                "9f1c3105-aa18-49f3-9f67-58b5cc160f03",
                "a8f44bef-abc2-4f5a-8185-68027ea497bb",
                "1fe0c0cd-6d1e-4e85-a5f9-288c483fb547",
                "51fbe8ca-e06c-4e5a-93d7-f5b8ed517253",
                "f46b0e46-00b4-4ff6-968c-fd75c10b0af5",
                "efc26029-c7f6-4164-ba2f-ffba49b54139"
              ],
              "failures": [],
              "pending": [],
              "skipped": [],
              "duration": 1,
              "root": false,
              "rootEmpty": false,
              "_timeout": 2000
            }
          ],
          "passes": [],
          "failures": [],
          "pending": [],
          "skipped": [],
          "duration": 0,
          "root": false,
          "rootEmpty": false,
          "_timeout": 2000
        },
        {
          "uuid": "b2d05713-15d0-4b56-9e3f-dade8048d49f",
          "title": "studentKnowledgeCheckerUtil",
          "fullFile": "C:\\Диск Д\\ЕГУ - Информатика\\4 курс\\Autotests\\task_01\\test\\studentKnowledgeCheckerUtil.test.js",
          "file": "\\test\\studentKnowledgeCheckerUtil.test.js",
          "beforeHooks": [],
          "afterHooks": [],
          "tests": [],
          "suites": [
            {
              "uuid": "a81eab93-d3c5-4154-ab2b-82ccbe6ce172",
              "title": "Correct answers",
              "fullFile": "C:\\Диск Д\\ЕГУ - Информатика\\4 курс\\Autotests\\task_01\\test\\studentKnowledgeCheckerUtil.test.js",
              "file": "\\test\\studentKnowledgeCheckerUtil.test.js",
              "beforeHooks": [],
              "afterHooks": [],
              "tests": [
                {
                  "title": "should return true when all answers match exactly",
                  "fullTitle": "studentKnowledgeCheckerUtil Correct answers should return true when all answers match exactly",
                  "timedOut": false,
                  "duration": 0,
                  "state": "passed",
                  "speed": "fast",
                  "pass": true,
                  "fail": false,
                  "pending": false,
                  "context": null,
                  "code": "const studentAnswers = { q1: \"A\", q2: \"B\", q3: \"C\" };\nconst correctAnswers = { q1: \"A\", q2: \"B\", q3: \"C\" };\nexpect(checkStudentKnowledge(studentAnswers, correctAnswers)).to.be.true;",
                  "err": {},
                  "uuid": "f8b53cb4-a467-42e8-8254-9985cbbdcdb5",
                  "parentUUID": "a81eab93-d3c5-4154-ab2b-82ccbe6ce172",
                  "isHook": false,
                  "skipped": false
                },
                {
                  "title": "should return false when at least one answer is incorrect",
                  "fullTitle": "studentKnowledgeCheckerUtil Correct answers should return false when at least one answer is incorrect",
                  "timedOut": false,
                  "duration": 0,
                  "state": "passed",
                  "speed": "fast",
                  "pass": true,
                  "fail": false,
                  "pending": false,
                  "context": null,
                  "code": "const studentAnswers = { q1: \"A\", q2: \"B\", q3: \"D\" };\nconst correctAnswers = { q1: \"A\", q2: \"B\", q3: \"C\" };\nexpect(checkStudentKnowledge(studentAnswers, correctAnswers)).to.be.false;",
                  "err": {},
                  "uuid": "c90500e7-26ab-4ad6-b4eb-e5818d36fa2b",
                  "parentUUID": "a81eab93-d3c5-4154-ab2b-82ccbe6ce172",
                  "isHook": false,
                  "skipped": false
                }
              ],
              "suites": [],
              "passes": [
                "f8b53cb4-a467-42e8-8254-9985cbbdcdb5",
                "c90500e7-26ab-4ad6-b4eb-e5818d36fa2b"
              ],
              "failures": [],
              "pending": [],
              "skipped": [],
              "duration": 0,
              "root": false,
              "rootEmpty": false,
              "_timeout": 2000
            },
            {
              "uuid": "2d04a7f5-30a4-42cc-9aa4-d87b9051c1bf",
              "title": "Edge cases",
              "fullFile": "C:\\Диск Д\\ЕГУ - Информатика\\4 курс\\Autotests\\task_01\\test\\studentKnowledgeCheckerUtil.test.js",
              "file": "\\test\\studentKnowledgeCheckerUtil.test.js",
              "beforeHooks": [],
              "afterHooks": [],
              "tests": [
                {
                  "title": "should return false if student has fewer answers than expected",
                  "fullTitle": "studentKnowledgeCheckerUtil Edge cases should return false if student has fewer answers than expected",
                  "timedOut": false,
                  "duration": 1,
                  "state": "passed",
                  "speed": "fast",
                  "pass": true,
                  "fail": false,
                  "pending": false,
                  "context": null,
                  "code": "const studentAnswers = { q1: \"A\", q2: \"B\" };\nconst correctAnswers = { q1: \"A\", q2: \"B\", q3: \"C\" };\nexpect(checkStudentKnowledge(studentAnswers, correctAnswers)).to.be.false;",
                  "err": {},
                  "uuid": "747f9abb-63ad-4c9c-82e0-9e82312e7ce2",
                  "parentUUID": "2d04a7f5-30a4-42cc-9aa4-d87b9051c1bf",
                  "isHook": false,
                  "skipped": false
                },
                {
                  "title": "should return false if student has more answers than expected",
                  "fullTitle": "studentKnowledgeCheckerUtil Edge cases should return false if student has more answers than expected",
                  "timedOut": false,
                  "duration": 0,
                  "state": "passed",
                  "speed": "fast",
                  "pass": true,
                  "fail": false,
                  "pending": false,
                  "context": null,
                  "code": "const studentAnswers = { q1: \"A\", q2: \"B\", q3: \"C\", q4: \"D\" };\nconst correctAnswers = { q1: \"A\", q2: \"B\", q3: \"C\" };\nexpect(checkStudentKnowledge(studentAnswers, correctAnswers)).to.be.false;",
                  "err": {},
                  "uuid": "4a45ea7e-c24e-41d3-bbca-48ddcaee31c4",
                  "parentUUID": "2d04a7f5-30a4-42cc-9aa4-d87b9051c1bf",
                  "isHook": false,
                  "skipped": false
                },
                {
                  "title": "should return false if question keys do not match",
                  "fullTitle": "studentKnowledgeCheckerUtil Edge cases should return false if question keys do not match",
                  "timedOut": false,
                  "duration": 0,
                  "state": "passed",
                  "speed": "fast",
                  "pass": true,
                  "fail": false,
                  "pending": false,
                  "context": null,
                  "code": "const studentAnswers = { q1: \"A\", qX: \"B\" };\nconst correctAnswers = { q1: \"A\", q2: \"B\" };\nexpect(checkStudentKnowledge(studentAnswers, correctAnswers)).to.be.false;",
                  "err": {},
                  "uuid": "baa4d639-8a78-4137-aaca-8a165a6cfeea",
                  "parentUUID": "2d04a7f5-30a4-42cc-9aa4-d87b9051c1bf",
                  "isHook": false,
                  "skipped": false
                },
                {
                  "title": "should return true for empty objects (no questions)",
                  "fullTitle": "studentKnowledgeCheckerUtil Edge cases should return true for empty objects (no questions)",
                  "timedOut": false,
                  "duration": 0,
                  "state": "passed",
                  "speed": "fast",
                  "pass": true,
                  "fail": false,
                  "pending": false,
                  "context": null,
                  "code": "const studentAnswers = {};\nconst correctAnswers = {};\nexpect(checkStudentKnowledge(studentAnswers, correctAnswers)).to.be.true;",
                  "err": {},
                  "uuid": "c74b5194-11d0-4d75-8798-f7b636118c18",
                  "parentUUID": "2d04a7f5-30a4-42cc-9aa4-d87b9051c1bf",
                  "isHook": false,
                  "skipped": false
                }
              ],
              "suites": [],
              "passes": [
                "747f9abb-63ad-4c9c-82e0-9e82312e7ce2",
                "4a45ea7e-c24e-41d3-bbca-48ddcaee31c4",
                "baa4d639-8a78-4137-aaca-8a165a6cfeea",
                "c74b5194-11d0-4d75-8798-f7b636118c18"
              ],
              "failures": [],
              "pending": [],
              "skipped": [],
              "duration": 1,
              "root": false,
              "rootEmpty": false,
              "_timeout": 2000
            },
            {
              "uuid": "3151bd1c-d02d-4d55-bce7-d6e26749a51d",
              "title": "Invalid input",
              "fullFile": "C:\\Диск Д\\ЕГУ - Информатика\\4 курс\\Autotests\\task_01\\test\\studentKnowledgeCheckerUtil.test.js",
              "file": "\\test\\studentKnowledgeCheckerUtil.test.js",
              "beforeHooks": [],
              "afterHooks": [],
              "tests": [
                {
                  "title": "should return false if studentAnswers is not a valid object",
                  "fullTitle": "studentKnowledgeCheckerUtil Invalid input should return false if studentAnswers is not a valid object",
                  "timedOut": false,
                  "duration": 0,
                  "state": "passed",
                  "speed": "fast",
                  "pass": true,
                  "fail": false,
                  "pending": false,
                  "context": null,
                  "code": "// передаем объекты, которые обработает функция\nexpect(checkStudentKnowledge({}, { q1: \"A\" })).to.be.false;\nexpect(checkStudentKnowledge({ qX: \"B\" }, { q1: \"A\" })).to.be.false;",
                  "err": {},
                  "uuid": "55080d0b-3e7e-48c6-9963-f3691b119f2a",
                  "parentUUID": "3151bd1c-d02d-4d55-bce7-d6e26749a51d",
                  "isHook": false,
                  "skipped": false
                },
                {
                  "title": "should return false if correctAnswers is not a valid object",
                  "fullTitle": "studentKnowledgeCheckerUtil Invalid input should return false if correctAnswers is not a valid object",
                  "timedOut": false,
                  "duration": 0,
                  "state": "passed",
                  "speed": "fast",
                  "pass": true,
                  "fail": false,
                  "pending": false,
                  "context": null,
                  "code": "// передаем объекты, которые обработает функция\nexpect(checkStudentKnowledge({ q1: \"A\" }, {})).to.be.false;\nexpect(checkStudentKnowledge({ q1: \"A\" }, { qX: \"B\" })).to.be.false;",
                  "err": {},
                  "uuid": "e71a221a-5e0a-4687-8941-b06b3c33b604",
                  "parentUUID": "3151bd1c-d02d-4d55-bce7-d6e26749a51d",
                  "isHook": false,
                  "skipped": false
                }
              ],
              "suites": [],
              "passes": [
                "55080d0b-3e7e-48c6-9963-f3691b119f2a",
                "e71a221a-5e0a-4687-8941-b06b3c33b604"
              ],
              "failures": [],
              "pending": [],
              "skipped": [],
              "duration": 0,
              "root": false,
              "rootEmpty": false,
              "_timeout": 2000
            }
          ],
          "passes": [],
          "failures": [],
          "pending": [],
          "skipped": [],
          "duration": 0,
          "root": false,
          "rootEmpty": false,
          "_timeout": 2000
        },
        {
          "uuid": "c9419c7d-a1a2-4d4b-be11-d3d77c482da4",
          "title": "usersListUtils",
          "fullFile": "C:\\Диск Д\\ЕГУ - Информатика\\4 курс\\Autotests\\task_01\\test\\usersListUtils.test.js",
          "file": "\\test\\usersListUtils.test.js",
          "beforeHooks": [],
          "afterHooks": [],
          "tests": [],
          "suites": [
            {
              "uuid": "ed73896f-7982-44a7-95e8-a49401e0069d",
              "title": "filterUsersByAge",
              "fullFile": "C:\\Диск Д\\ЕГУ - Информатика\\4 курс\\Autotests\\task_01\\test\\usersListUtils.test.js",
              "file": "\\test\\usersListUtils.test.js",
              "beforeHooks": [],
              "afterHooks": [],
              "tests": [
                {
                  "title": "should filter users within min and max age",
                  "fullTitle": "usersListUtils filterUsersByAge should filter users within min and max age",
                  "timedOut": false,
                  "duration": 1,
                  "state": "passed",
                  "speed": "fast",
                  "pass": true,
                  "fail": false,
                  "pending": false,
                  "context": null,
                  "code": "const result = filterUsersByAge(users, 25, 35);\nexpect(result.map(u => u.name)).to.deep.equal([\"Alice\", \"Bob\", \"David\"]);",
                  "err": {},
                  "uuid": "ba496964-aad3-429e-a60c-f35fe965abc1",
                  "parentUUID": "ed73896f-7982-44a7-95e8-a49401e0069d",
                  "isHook": false,
                  "skipped": false
                },
                {
                  "title": "should return empty array if no users match",
                  "fullTitle": "usersListUtils filterUsersByAge should return empty array if no users match",
                  "timedOut": false,
                  "duration": 0,
                  "state": "passed",
                  "speed": "fast",
                  "pass": true,
                  "fail": false,
                  "pending": false,
                  "context": null,
                  "code": "const result = filterUsersByAge(users, 40, 50);\nexpect(result).to.deep.equal([]);",
                  "err": {},
                  "uuid": "84f48ffd-e158-4f99-aff2-b0fd8468fac8",
                  "parentUUID": "ed73896f-7982-44a7-95e8-a49401e0069d",
                  "isHook": false,
                  "skipped": false
                },
                {
                  "title": "should include users exactly at min or max age",
                  "fullTitle": "usersListUtils filterUsersByAge should include users exactly at min or max age",
                  "timedOut": false,
                  "duration": 0,
                  "state": "passed",
                  "speed": "fast",
                  "pass": true,
                  "fail": false,
                  "pending": false,
                  "context": null,
                  "code": "const result = filterUsersByAge(users, 20, 25);\nexpect(result.map(u => u.name)).to.deep.equal([\"Alice\", \"Charlie\"]);",
                  "err": {},
                  "uuid": "2404de95-a0f9-421f-90bd-8b6e0a7ac233",
                  "parentUUID": "ed73896f-7982-44a7-95e8-a49401e0069d",
                  "isHook": false,
                  "skipped": false
                },
                {
                  "title": "should throw an error if users is not an array",
                  "fullTitle": "usersListUtils filterUsersByAge should throw an error if users is not an array",
                  "timedOut": false,
                  "duration": 0,
                  "state": "passed",
                  "speed": "fast",
                  "pass": true,
                  "fail": false,
                  "pending": false,
                  "context": null,
                  "code": "expect(() => filterUsersByAge(null, 20, 30)).to.throw(\"Users must be an array\");\nexpect(() => filterUsersByAge({}, 20, 30)).to.throw(\"Users must be an array\");",
                  "err": {},
                  "uuid": "71382754-35e7-4bd1-92d5-dc2c78424839",
                  "parentUUID": "ed73896f-7982-44a7-95e8-a49401e0069d",
                  "isHook": false,
                  "skipped": false
                }
              ],
              "suites": [],
              "passes": [
                "ba496964-aad3-429e-a60c-f35fe965abc1",
                "84f48ffd-e158-4f99-aff2-b0fd8468fac8",
                "2404de95-a0f9-421f-90bd-8b6e0a7ac233",
                "71382754-35e7-4bd1-92d5-dc2c78424839"
              ],
              "failures": [],
              "pending": [],
              "skipped": [],
              "duration": 1,
              "root": false,
              "rootEmpty": false,
              "_timeout": 2000
            },
            {
              "uuid": "064d2a5b-505c-4a7d-aa24-91f870007f31",
              "title": "sortUsersByName",
              "fullFile": "C:\\Диск Д\\ЕГУ - Информатика\\4 курс\\Autotests\\task_01\\test\\usersListUtils.test.js",
              "file": "\\test\\usersListUtils.test.js",
              "beforeHooks": [],
              "afterHooks": [],
              "tests": [
                {
                  "title": "should sort users alphabetically by name",
                  "fullTitle": "usersListUtils sortUsersByName should sort users alphabetically by name",
                  "timedOut": false,
                  "duration": 12,
                  "state": "passed",
                  "speed": "fast",
                  "pass": true,
                  "fail": false,
                  "pending": false,
                  "context": null,
                  "code": "const result = sortUsersByName(users);\nexpect(result.map(u => u.name)).to.deep.equal([\"Alice\", \"Bob\", \"Charlie\", \"David\"]);",
                  "err": {},
                  "uuid": "87deddb0-e734-4837-90e5-87aeb6bcbe94",
                  "parentUUID": "064d2a5b-505c-4a7d-aa24-91f870007f31",
                  "isHook": false,
                  "skipped": false
                },
                {
                  "title": "should not modify the original array",
                  "fullTitle": "usersListUtils sortUsersByName should not modify the original array",
                  "timedOut": false,
                  "duration": 0,
                  "state": "passed",
                  "speed": "fast",
                  "pass": true,
                  "fail": false,
                  "pending": false,
                  "context": null,
                  "code": "const copy = [...users];\nsortUsersByName(users);\nexpect(users).to.deep.equal(copy);",
                  "err": {},
                  "uuid": "a513d327-b423-4726-875b-75cb7de74f78",
                  "parentUUID": "064d2a5b-505c-4a7d-aa24-91f870007f31",
                  "isHook": false,
                  "skipped": false
                },
                {
                  "title": "should throw an error if users is not an array",
                  "fullTitle": "usersListUtils sortUsersByName should throw an error if users is not an array",
                  "timedOut": false,
                  "duration": 0,
                  "state": "passed",
                  "speed": "fast",
                  "pass": true,
                  "fail": false,
                  "pending": false,
                  "context": null,
                  "code": "expect(() => sortUsersByName(null)).to.throw(\"Users must be an array\");\nexpect(() => sortUsersByName({})).to.throw(\"Users must be an array\");",
                  "err": {},
                  "uuid": "9405789c-4405-4e2b-b715-c108d62828b6",
                  "parentUUID": "064d2a5b-505c-4a7d-aa24-91f870007f31",
                  "isHook": false,
                  "skipped": false
                }
              ],
              "suites": [],
              "passes": [
                "87deddb0-e734-4837-90e5-87aeb6bcbe94",
                "a513d327-b423-4726-875b-75cb7de74f78",
                "9405789c-4405-4e2b-b715-c108d62828b6"
              ],
              "failures": [],
              "pending": [],
              "skipped": [],
              "duration": 12,
              "root": false,
              "rootEmpty": false,
              "_timeout": 2000
            },
            {
              "uuid": "ccb6e38a-4261-4ac9-b318-9caa25378fdd",
              "title": "findUserById",
              "fullFile": "C:\\Диск Д\\ЕГУ - Информатика\\4 курс\\Autotests\\task_01\\test\\usersListUtils.test.js",
              "file": "\\test\\usersListUtils.test.js",
              "beforeHooks": [],
              "afterHooks": [],
              "tests": [
                {
                  "title": "should return user by id",
                  "fullTitle": "usersListUtils findUserById should return user by id",
                  "timedOut": false,
                  "duration": 0,
                  "state": "passed",
                  "speed": "fast",
                  "pass": true,
                  "fail": false,
                  "pending": false,
                  "context": null,
                  "code": "const result = findUserById(users, 2);\nexpect(result.name).to.equal(\"Bob\");",
                  "err": {},
                  "uuid": "b62f442d-0ed5-47b4-b834-1b928ea0d4d2",
                  "parentUUID": "ccb6e38a-4261-4ac9-b318-9caa25378fdd",
                  "isHook": false,
                  "skipped": false
                },
                {
                  "title": "should return null if user not found",
                  "fullTitle": "usersListUtils findUserById should return null if user not found",
                  "timedOut": false,
                  "duration": 0,
                  "state": "passed",
                  "speed": "fast",
                  "pass": true,
                  "fail": false,
                  "pending": false,
                  "context": null,
                  "code": "const result = findUserById(users, 999);\nexpect(result).to.be.null;",
                  "err": {},
                  "uuid": "22bd71d7-fe2b-4ca0-8ca6-6df92cc60ee4",
                  "parentUUID": "ccb6e38a-4261-4ac9-b318-9caa25378fdd",
                  "isHook": false,
                  "skipped": false
                },
                {
                  "title": "should throw an error if users is not an array",
                  "fullTitle": "usersListUtils findUserById should throw an error if users is not an array",
                  "timedOut": false,
                  "duration": 0,
                  "state": "passed",
                  "speed": "fast",
                  "pass": true,
                  "fail": false,
                  "pending": false,
                  "context": null,
                  "code": "expect(() => findUserById(null, 1)).to.throw(\"Users must be an array\");\nexpect(() => findUserById({}, 1)).to.throw(\"Users must be an array\");",
                  "err": {},
                  "uuid": "866f927d-8ce9-4647-aef7-de3a799361fd",
                  "parentUUID": "ccb6e38a-4261-4ac9-b318-9caa25378fdd",
                  "isHook": false,
                  "skipped": false
                }
              ],
              "suites": [],
              "passes": [
                "b62f442d-0ed5-47b4-b834-1b928ea0d4d2",
                "22bd71d7-fe2b-4ca0-8ca6-6df92cc60ee4",
                "866f927d-8ce9-4647-aef7-de3a799361fd"
              ],
              "failures": [],
              "pending": [],
              "skipped": [],
              "duration": 0,
              "root": false,
              "rootEmpty": false,
              "_timeout": 2000
            },
            {
              "uuid": "573ec327-f01a-46b9-bf99-352735db2a06",
              "title": "isEmailTaken",
              "fullFile": "C:\\Диск Д\\ЕГУ - Информатика\\4 курс\\Autotests\\task_01\\test\\usersListUtils.test.js",
              "file": "\\test\\usersListUtils.test.js",
              "beforeHooks": [],
              "afterHooks": [],
              "tests": [
                {
                  "title": "should return true if email exists",
                  "fullTitle": "usersListUtils isEmailTaken should return true if email exists",
                  "timedOut": false,
                  "duration": 1,
                  "state": "passed",
                  "speed": "fast",
                  "pass": true,
                  "fail": false,
                  "pending": false,
                  "context": null,
                  "code": "expect(isEmailTaken(users, \"alice@example.com\")).to.be.true;",
                  "err": {},
                  "uuid": "856e648b-1667-4bf7-8ec6-0007255300ff",
                  "parentUUID": "573ec327-f01a-46b9-bf99-352735db2a06",
                  "isHook": false,
                  "skipped": false
                },
                {
                  "title": "should return false if email does not exist",
                  "fullTitle": "usersListUtils isEmailTaken should return false if email does not exist",
                  "timedOut": false,
                  "duration": 0,
                  "state": "passed",
                  "speed": "fast",
                  "pass": true,
                  "fail": false,
                  "pending": false,
                  "context": null,
                  "code": "expect(isEmailTaken(users, \"notfound@example.com\")).to.be.false;",
                  "err": {},
                  "uuid": "fd284887-cf9a-43de-b025-ca005940835f",
                  "parentUUID": "573ec327-f01a-46b9-bf99-352735db2a06",
                  "isHook": false,
                  "skipped": false
                },
                {
                  "title": "should throw an error if users is not an array",
                  "fullTitle": "usersListUtils isEmailTaken should throw an error if users is not an array",
                  "timedOut": false,
                  "duration": 1,
                  "state": "passed",
                  "speed": "fast",
                  "pass": true,
                  "fail": false,
                  "pending": false,
                  "context": null,
                  "code": "expect(() => isEmailTaken(null, \"test@example.com\")).to.throw(\"Users must be an array\");\nexpect(() => isEmailTaken({}, \"test@example.com\")).to.throw(\"Users must be an array\");",
                  "err": {},
                  "uuid": "0a89c8b6-42d7-4229-b0b7-1492107e1f60",
                  "parentUUID": "573ec327-f01a-46b9-bf99-352735db2a06",
                  "isHook": false,
                  "skipped": false
                }
              ],
              "suites": [],
              "passes": [
                "856e648b-1667-4bf7-8ec6-0007255300ff",
                "fd284887-cf9a-43de-b025-ca005940835f",
                "0a89c8b6-42d7-4229-b0b7-1492107e1f60"
              ],
              "failures": [],
              "pending": [],
              "skipped": [],
              "duration": 2,
              "root": false,
              "rootEmpty": false,
              "_timeout": 2000
            }
          ],
          "passes": [],
          "failures": [],
          "pending": [],
          "skipped": [],
          "duration": 0,
          "root": false,
          "rootEmpty": false,
          "_timeout": 2000
        },
        {
          "uuid": "41220323-1f8f-456c-8c7c-91b0ef4630c1",
          "title": "arrayUtils",
          "fullFile": "C:\\Диск Д\\ЕГУ - Информатика\\4 курс\\Autotests\\task_01\\test\\utils.test.js",
          "file": "\\test\\utils.test.js",
          "beforeHooks": [],
          "afterHooks": [],
          "tests": [],
          "suites": [
            {
              "uuid": "5b89c76a-2898-45d2-bafc-27d9f4fc5359",
              "title": "findMax",
              "fullFile": "C:\\Диск Д\\ЕГУ - Информатика\\4 курс\\Autotests\\task_01\\test\\utils.test.js",
              "file": "\\test\\utils.test.js",
              "beforeHooks": [],
              "afterHooks": [],
              "tests": [
                {
                  "title": "should return the maximum value from a normal array",
                  "fullTitle": "arrayUtils findMax should return the maximum value from a normal array",
                  "timedOut": false,
                  "duration": 0,
                  "state": "passed",
                  "speed": "fast",
                  "pass": true,
                  "fail": false,
                  "pending": false,
                  "context": null,
                  "code": "const arr = [1, 5, 3, 9, 2];\nexpect(findMax(arr)).to.equal(9);",
                  "err": {},
                  "uuid": "f6db3e9b-3998-4245-9f59-f866fde27d53",
                  "parentUUID": "5b89c76a-2898-45d2-bafc-27d9f4fc5359",
                  "isHook": false,
                  "skipped": false
                },
                {
                  "title": "should return the only element for a single-element array",
                  "fullTitle": "arrayUtils findMax should return the only element for a single-element array",
                  "timedOut": false,
                  "duration": 0,
                  "state": "passed",
                  "speed": "fast",
                  "pass": true,
                  "fail": false,
                  "pending": false,
                  "context": null,
                  "code": "expect(findMax([7])).to.equal(7);",
                  "err": {},
                  "uuid": "590e5942-ae2a-4d75-bc83-925ef386626d",
                  "parentUUID": "5b89c76a-2898-45d2-bafc-27d9f4fc5359",
                  "isHook": false,
                  "skipped": false
                },
                {
                  "title": "should return -Infinity for an empty array",
                  "fullTitle": "arrayUtils findMax should return -Infinity for an empty array",
                  "timedOut": false,
                  "duration": 0,
                  "state": "passed",
                  "speed": "fast",
                  "pass": true,
                  "fail": false,
                  "pending": false,
                  "context": null,
                  "code": "expect(findMax([])).to.equal(-Infinity);",
                  "err": {},
                  "uuid": "12d05495-9d12-4b99-8efb-7ba0b2a1332d",
                  "parentUUID": "5b89c76a-2898-45d2-bafc-27d9f4fc5359",
                  "isHook": false,
                  "skipped": false
                },
                {
                  "title": "should throw an error if input is not an array",
                  "fullTitle": "arrayUtils findMax should throw an error if input is not an array",
                  "timedOut": false,
                  "duration": 0,
                  "state": "passed",
                  "speed": "fast",
                  "pass": true,
                  "fail": false,
                  "pending": false,
                  "context": null,
                  "code": "expect(() => findMax(\"not an array\")).to.throw(\"Input must be an array\");\nexpect(() => findMax(123)).to.throw(\"Input must be an array\");\nexpect(() => findMax({})).to.throw(\"Input must be an array\");\nexpect(() => findMax(null)).to.throw(\"Input must be an array\");",
                  "err": {},
                  "uuid": "f8264291-b753-4c61-8a74-45caa9fb9400",
                  "parentUUID": "5b89c76a-2898-45d2-bafc-27d9f4fc5359",
                  "isHook": false,
                  "skipped": false
                }
              ],
              "suites": [],
              "passes": [
                "f6db3e9b-3998-4245-9f59-f866fde27d53",
                "590e5942-ae2a-4d75-bc83-925ef386626d",
                "12d05495-9d12-4b99-8efb-7ba0b2a1332d",
                "f8264291-b753-4c61-8a74-45caa9fb9400"
              ],
              "failures": [],
              "pending": [],
              "skipped": [],
              "duration": 0,
              "root": false,
              "rootEmpty": false,
              "_timeout": 2000
            },
            {
              "uuid": "b8f92259-7302-4eea-86d0-1f1f47c0e6a2",
              "title": "findMin",
              "fullFile": "C:\\Диск Д\\ЕГУ - Информатика\\4 курс\\Autotests\\task_01\\test\\utils.test.js",
              "file": "\\test\\utils.test.js",
              "beforeHooks": [],
              "afterHooks": [],
              "tests": [
                {
                  "title": "should return the minimum value from a normal array",
                  "fullTitle": "arrayUtils findMin should return the minimum value from a normal array",
                  "timedOut": false,
                  "duration": 0,
                  "state": "passed",
                  "speed": "fast",
                  "pass": true,
                  "fail": false,
                  "pending": false,
                  "context": null,
                  "code": "const arr = [1, 5, 3, 9, 2];\nexpect(findMin(arr)).to.equal(1);",
                  "err": {},
                  "uuid": "e693e72b-47cf-4017-95b6-d865e7720ef6",
                  "parentUUID": "b8f92259-7302-4eea-86d0-1f1f47c0e6a2",
                  "isHook": false,
                  "skipped": false
                },
                {
                  "title": "should return the only element for a single-element array",
                  "fullTitle": "arrayUtils findMin should return the only element for a single-element array",
                  "timedOut": false,
                  "duration": 1,
                  "state": "passed",
                  "speed": "fast",
                  "pass": true,
                  "fail": false,
                  "pending": false,
                  "context": null,
                  "code": "expect(findMin([7])).to.equal(7);",
                  "err": {},
                  "uuid": "0c7f23ed-01bf-4767-9f21-ba51e1dfe0a1",
                  "parentUUID": "b8f92259-7302-4eea-86d0-1f1f47c0e6a2",
                  "isHook": false,
                  "skipped": false
                },
                {
                  "title": "should return Infinity for an empty array",
                  "fullTitle": "arrayUtils findMin should return Infinity for an empty array",
                  "timedOut": false,
                  "duration": 0,
                  "state": "passed",
                  "speed": "fast",
                  "pass": true,
                  "fail": false,
                  "pending": false,
                  "context": null,
                  "code": "expect(findMin([])).to.equal(Infinity);",
                  "err": {},
                  "uuid": "9324b809-d784-47f0-a837-01998cd13a49",
                  "parentUUID": "b8f92259-7302-4eea-86d0-1f1f47c0e6a2",
                  "isHook": false,
                  "skipped": false
                },
                {
                  "title": "should throw an error if input is not an array",
                  "fullTitle": "arrayUtils findMin should throw an error if input is not an array",
                  "timedOut": false,
                  "duration": 0,
                  "state": "passed",
                  "speed": "fast",
                  "pass": true,
                  "fail": false,
                  "pending": false,
                  "context": null,
                  "code": "expect(() => findMin(\"not an array\")).to.throw(\"Input must be an array\");\nexpect(() => findMin(123)).to.throw(\"Input must be an array\");\nexpect(() => findMin({})).to.throw(\"Input must be an array\");\nexpect(() => findMin(null)).to.throw(\"Input must be an array\");",
                  "err": {},
                  "uuid": "9de17258-97c6-43c4-b369-68368526cebd",
                  "parentUUID": "b8f92259-7302-4eea-86d0-1f1f47c0e6a2",
                  "isHook": false,
                  "skipped": false
                }
              ],
              "suites": [],
              "passes": [
                "e693e72b-47cf-4017-95b6-d865e7720ef6",
                "0c7f23ed-01bf-4767-9f21-ba51e1dfe0a1",
                "9324b809-d784-47f0-a837-01998cd13a49",
                "9de17258-97c6-43c4-b369-68368526cebd"
              ],
              "failures": [],
              "pending": [],
              "skipped": [],
              "duration": 1,
              "root": false,
              "rootEmpty": false,
              "_timeout": 2000
            },
            {
              "uuid": "3fcb45de-8ca6-4978-8d13-1de91b662cde",
              "title": "removeDuplicates",
              "fullFile": "C:\\Диск Д\\ЕГУ - Информатика\\4 курс\\Autotests\\task_01\\test\\utils.test.js",
              "file": "\\test\\utils.test.js",
              "beforeHooks": [],
              "afterHooks": [],
              "tests": [
                {
                  "title": "should remove duplicate numbers",
                  "fullTitle": "arrayUtils removeDuplicates should remove duplicate numbers",
                  "timedOut": false,
                  "duration": 0,
                  "state": "passed",
                  "speed": "fast",
                  "pass": true,
                  "fail": false,
                  "pending": false,
                  "context": null,
                  "code": "const arr = [1, 2, 2, 3, 4, 4, 5];\nexpect(removeDuplicates(arr)).to.deep.equal([1, 2, 3, 4, 5]);",
                  "err": {},
                  "uuid": "ac36bbb6-2d0b-414e-900c-ef27a9a30723",
                  "parentUUID": "3fcb45de-8ca6-4978-8d13-1de91b662cde",
                  "isHook": false,
                  "skipped": false
                },
                {
                  "title": "should remove duplicate strings",
                  "fullTitle": "arrayUtils removeDuplicates should remove duplicate strings",
                  "timedOut": false,
                  "duration": 0,
                  "state": "passed",
                  "speed": "fast",
                  "pass": true,
                  "fail": false,
                  "pending": false,
                  "context": null,
                  "code": "const arr = [\"a\", \"b\", \"a\", \"c\"];\nexpect(removeDuplicates(arr)).to.deep.equal([\"a\", \"b\", \"c\"]);",
                  "err": {},
                  "uuid": "7f19a0b0-d190-4713-aa14-0665c5206203",
                  "parentUUID": "3fcb45de-8ca6-4978-8d13-1de91b662cde",
                  "isHook": false,
                  "skipped": false
                },
                {
                  "title": "should return empty array for empty input",
                  "fullTitle": "arrayUtils removeDuplicates should return empty array for empty input",
                  "timedOut": false,
                  "duration": 0,
                  "state": "passed",
                  "speed": "fast",
                  "pass": true,
                  "fail": false,
                  "pending": false,
                  "context": null,
                  "code": "expect(removeDuplicates([])).to.deep.equal([]);",
                  "err": {},
                  "uuid": "943ce23d-f663-44d1-9aa5-b74b4a8974b2",
                  "parentUUID": "3fcb45de-8ca6-4978-8d13-1de91b662cde",
                  "isHook": false,
                  "skipped": false
                },
                {
                  "title": "should return single-element array unchanged",
                  "fullTitle": "arrayUtils removeDuplicates should return single-element array unchanged",
                  "timedOut": false,
                  "duration": 0,
                  "state": "passed",
                  "speed": "fast",
                  "pass": true,
                  "fail": false,
                  "pending": false,
                  "context": null,
                  "code": "expect(removeDuplicates([7])).to.deep.equal([7]);",
                  "err": {},
                  "uuid": "3c0b507c-57de-428d-af9d-d2de54d606a7",
                  "parentUUID": "3fcb45de-8ca6-4978-8d13-1de91b662cde",
                  "isHook": false,
                  "skipped": false
                },
                {
                  "title": "should throw an error if input is not an array",
                  "fullTitle": "arrayUtils removeDuplicates should throw an error if input is not an array",
                  "timedOut": false,
                  "duration": 1,
                  "state": "passed",
                  "speed": "fast",
                  "pass": true,
                  "fail": false,
                  "pending": false,
                  "context": null,
                  "code": "expect(() => removeDuplicates(\"not an array\")).to.throw(\"Input must be an array\");\nexpect(() => removeDuplicates(123)).to.throw(\"Input must be an array\");\nexpect(() => removeDuplicates({})).to.throw(\"Input must be an array\");\nexpect(() => removeDuplicates(null)).to.throw(\"Input must be an array\");",
                  "err": {},
                  "uuid": "168cdd3a-cd19-4248-8091-d4a7aa3d2dca",
                  "parentUUID": "3fcb45de-8ca6-4978-8d13-1de91b662cde",
                  "isHook": false,
                  "skipped": false
                }
              ],
              "suites": [],
              "passes": [
                "ac36bbb6-2d0b-414e-900c-ef27a9a30723",
                "7f19a0b0-d190-4713-aa14-0665c5206203",
                "943ce23d-f663-44d1-9aa5-b74b4a8974b2",
                "3c0b507c-57de-428d-af9d-d2de54d606a7",
                "168cdd3a-cd19-4248-8091-d4a7aa3d2dca"
              ],
              "failures": [],
              "pending": [],
              "skipped": [],
              "duration": 1,
              "root": false,
              "rootEmpty": false,
              "_timeout": 2000
            }
          ],
          "passes": [],
          "failures": [],
          "pending": [],
          "skipped": [],
          "duration": 0,
          "root": false,
          "rootEmpty": false,
          "_timeout": 2000
        }
      ],
      "passes": [],
      "failures": [],
      "pending": [],
      "skipped": [],
      "duration": 0,
      "root": true,
      "rootEmpty": true,
      "_timeout": 2000
    }
  ],
  "meta": {
    "mocha": {
      "version": "11.7.4"
    },
    "mochawesome": {
      "options": {
        "quiet": false,
        "reportFilename": "mochawesome",
        "saveHtml": true,
        "saveJson": true,
        "consoleReporter": "spec",
        "useInlineDiffs": false,
        "code": true
      },
      "version": "7.1.4"
    },
    "marge": {
      "options": null,
      "version": "6.3.0"
    }
  }
}